2023-08-15 12:19:19.9210|14|INFO|Microsoft.Hosting.Lifetime|Now listening on: https://localhost:7000 |url: |action: 
2023-08-15 12:19:19.9278|14|INFO|Microsoft.Hosting.Lifetime|Now listening on: http://localhost:5072 |url: |action: 
2023-08-15 12:19:19.9278|0|INFO|Microsoft.Hosting.Lifetime|Application started. Press Ctrl+C to shut down. |url: |action: 
2023-08-15 12:19:19.9278|0|INFO|Microsoft.Hosting.Lifetime|Hosting environment: Development |url: |action: 
2023-08-15 12:19:19.9278|0|INFO|Microsoft.Hosting.Lifetime|Content root path: C:\Users\JackB\Documents\StudyCentralV2 |url: |action: 
2023-08-15 12:19:30.1514|1|ERROR|Microsoft.AspNetCore.Diagnostics.DeveloperExceptionPageMiddleware|An unhandled exception has occurred while executing the request. System.NullReferenceException: Object reference not set to an instance of an object.
   at StudyCentralV2.Components.AI.Logic.GPT.GPTRequest(String prompt) in C:\Users\JackB\Documents\StudyCentralV2\Components\AI\Logic\GPT.cs:line 23
   at StudyCentralV2.Pages.App.CreatorModel.OnPost() in C:\Users\JackB\Documents\StudyCentralV2\Pages\App\Creator.cshtml.cs:line 26
   at Microsoft.AspNetCore.Mvc.RazorPages.Infrastructure.ExecutorFactory.GenericTaskHandlerMethod.Convert[T](Object taskAsObject)
   at Microsoft.AspNetCore.Mvc.RazorPages.Infrastructure.ExecutorFactory.GenericTaskHandlerMethod.Execute(Object receiver, Object[] arguments)
   at Microsoft.AspNetCore.Mvc.RazorPages.Infrastructure.PageActionInvoker.InvokeHandlerMethodAsync()
   at Microsoft.AspNetCore.Mvc.RazorPages.Infrastructure.PageActionInvoker.InvokeNextPageFilterAsync()
   at Microsoft.AspNetCore.Mvc.RazorPages.Infrastructure.PageActionInvoker.Rethrow(PageHandlerExecutedContext context)
   at Microsoft.AspNetCore.Mvc.RazorPages.Infrastructure.PageActionInvoker.Next(State& next, Scope& scope, Object& state, Boolean& isCompleted)
   at Microsoft.AspNetCore.Mvc.RazorPages.Infrastructure.PageActionInvoker.InvokeInnerFilterAsync()
   at Microsoft.AspNetCore.Mvc.Infrastructure.ResourceInvoker.<InvokeNextResourceFilter>g__Awaited|25_0(ResourceInvoker invoker, Task lastTask, State next, Scope scope, Object state, Boolean isCompleted)
   at Microsoft.AspNetCore.Mvc.Infrastructure.ResourceInvoker.Rethrow(ResourceExecutedContextSealed context)
   at Microsoft.AspNetCore.Mvc.Infrastructure.ResourceInvoker.Next(State& next, Scope& scope, Object& state, Boolean& isCompleted)
   at Microsoft.AspNetCore.Mvc.Infrastructure.ResourceInvoker.InvokeFilterPipelineAsync()
--- End of stack trace from previous location ---
   at Microsoft.AspNetCore.Mvc.Infrastructure.ResourceInvoker.<InvokeAsync>g__Logged|17_1(ResourceInvoker invoker)
   at Microsoft.AspNetCore.Mvc.Infrastructure.ResourceInvoker.<InvokeAsync>g__Logged|17_1(ResourceInvoker invoker)
   at Microsoft.AspNetCore.Routing.EndpointMiddleware.<Invoke>g__AwaitRequestTask|6_0(Endpoint endpoint, Task requestTask, ILogger logger)
   at Microsoft.AspNetCore.Authorization.AuthorizationMiddleware.Invoke(HttpContext context)
   at Microsoft.AspNetCore.HttpLogging.HttpLoggingMiddleware.InvokeInternal(HttpContext context)
   at Microsoft.AspNetCore.Authentication.AuthenticationMiddleware.Invoke(HttpContext context)
   at Microsoft.AspNetCore.Diagnostics.DeveloperExceptionPageMiddlewareImpl.Invoke(HttpContext context)|url: https://localhost/App/Creator|action: 
2023-08-15 12:20:18.1561|14|INFO|Microsoft.Hosting.Lifetime|Now listening on: https://localhost:7000 |url: |action: 
2023-08-15 12:20:18.1628|14|INFO|Microsoft.Hosting.Lifetime|Now listening on: http://localhost:5072 |url: |action: 
2023-08-15 12:20:18.1628|0|INFO|Microsoft.Hosting.Lifetime|Application started. Press Ctrl+C to shut down. |url: |action: 
2023-08-15 12:20:18.1628|0|INFO|Microsoft.Hosting.Lifetime|Hosting environment: Development |url: |action: 
2023-08-15 12:20:18.1628|0|INFO|Microsoft.Hosting.Lifetime|Content root path: C:\Users\JackB\Documents\StudyCentralV2 |url: |action: 
2023-08-15 12:20:25.2113|1|ERROR|Microsoft.AspNetCore.Diagnostics.DeveloperExceptionPageMiddleware|An unhandled exception has occurred while executing the request. System.NullReferenceException: Object reference not set to an instance of an object.
   at StudyCentralV2.Components.AI.Logic.GPT.GPTRequest(String prompt) in C:\Users\JackB\Documents\StudyCentralV2\Components\AI\Logic\GPT.cs:line 23
   at StudyCentralV2.Pages.App.CreatorModel.OnPost() in C:\Users\JackB\Documents\StudyCentralV2\Pages\App\Creator.cshtml.cs:line 26
   at Microsoft.AspNetCore.Mvc.RazorPages.Infrastructure.ExecutorFactory.GenericTaskHandlerMethod.Convert[T](Object taskAsObject)
   at Microsoft.AspNetCore.Mvc.RazorPages.Infrastructure.ExecutorFactory.GenericTaskHandlerMethod.Execute(Object receiver, Object[] arguments)
   at Microsoft.AspNetCore.Mvc.RazorPages.Infrastructure.PageActionInvoker.InvokeHandlerMethodAsync()
   at Microsoft.AspNetCore.Mvc.RazorPages.Infrastructure.PageActionInvoker.InvokeNextPageFilterAsync()
   at Microsoft.AspNetCore.Mvc.RazorPages.Infrastructure.PageActionInvoker.Rethrow(PageHandlerExecutedContext context)
   at Microsoft.AspNetCore.Mvc.RazorPages.Infrastructure.PageActionInvoker.Next(State& next, Scope& scope, Object& state, Boolean& isCompleted)
   at Microsoft.AspNetCore.Mvc.RazorPages.Infrastructure.PageActionInvoker.InvokeInnerFilterAsync()
   at Microsoft.AspNetCore.Mvc.Infrastructure.ResourceInvoker.<InvokeNextResourceFilter>g__Awaited|25_0(ResourceInvoker invoker, Task lastTask, State next, Scope scope, Object state, Boolean isCompleted)
   at Microsoft.AspNetCore.Mvc.Infrastructure.ResourceInvoker.Rethrow(ResourceExecutedContextSealed context)
   at Microsoft.AspNetCore.Mvc.Infrastructure.ResourceInvoker.Next(State& next, Scope& scope, Object& state, Boolean& isCompleted)
   at Microsoft.AspNetCore.Mvc.Infrastructure.ResourceInvoker.InvokeFilterPipelineAsync()
--- End of stack trace from previous location ---
   at Microsoft.AspNetCore.Mvc.Infrastructure.ResourceInvoker.<InvokeAsync>g__Logged|17_1(ResourceInvoker invoker)
   at Microsoft.AspNetCore.Mvc.Infrastructure.ResourceInvoker.<InvokeAsync>g__Logged|17_1(ResourceInvoker invoker)
   at Microsoft.AspNetCore.Routing.EndpointMiddleware.<Invoke>g__AwaitRequestTask|6_0(Endpoint endpoint, Task requestTask, ILogger logger)
   at Microsoft.AspNetCore.Authorization.AuthorizationMiddleware.Invoke(HttpContext context)
   at Microsoft.AspNetCore.HttpLogging.HttpLoggingMiddleware.InvokeInternal(HttpContext context)
   at Microsoft.AspNetCore.Authentication.AuthenticationMiddleware.Invoke(HttpContext context)
   at Microsoft.AspNetCore.Diagnostics.DeveloperExceptionPageMiddlewareImpl.Invoke(HttpContext context)|url: https://localhost/App/Creator|action: 
2023-08-15 12:21:01.1014|1|ERROR|Microsoft.AspNetCore.Diagnostics.DeveloperExceptionPageMiddleware|An unhandled exception has occurred while executing the request. System.NullReferenceException: Object reference not set to an instance of an object.
   at StudyCentralV2.Components.AI.Logic.GPT.GPTRequest(String prompt) in C:\Users\JackB\Documents\StudyCentralV2\Components\AI\Logic\GPT.cs:line 23
   at StudyCentralV2.Pages.App.CreatorModel.OnPost() in C:\Users\JackB\Documents\StudyCentralV2\Pages\App\Creator.cshtml.cs:line 26
   at Microsoft.AspNetCore.Mvc.RazorPages.Infrastructure.ExecutorFactory.GenericTaskHandlerMethod.Convert[T](Object taskAsObject)
   at Microsoft.AspNetCore.Mvc.RazorPages.Infrastructure.ExecutorFactory.GenericTaskHandlerMethod.Execute(Object receiver, Object[] arguments)
   at Microsoft.AspNetCore.Mvc.RazorPages.Infrastructure.PageActionInvoker.InvokeHandlerMethodAsync()
   at Microsoft.AspNetCore.Mvc.RazorPages.Infrastructure.PageActionInvoker.InvokeNextPageFilterAsync()
   at Microsoft.AspNetCore.Mvc.RazorPages.Infrastructure.PageActionInvoker.Rethrow(PageHandlerExecutedContext context)
   at Microsoft.AspNetCore.Mvc.RazorPages.Infrastructure.PageActionInvoker.Next(State& next, Scope& scope, Object& state, Boolean& isCompleted)
   at Microsoft.AspNetCore.Mvc.RazorPages.Infrastructure.PageActionInvoker.InvokeInnerFilterAsync()
   at Microsoft.AspNetCore.Mvc.Infrastructure.ResourceInvoker.<InvokeNextResourceFilter>g__Awaited|25_0(ResourceInvoker invoker, Task lastTask, State next, Scope scope, Object state, Boolean isCompleted)
   at Microsoft.AspNetCore.Mvc.Infrastructure.ResourceInvoker.Rethrow(ResourceExecutedContextSealed context)
   at Microsoft.AspNetCore.Mvc.Infrastructure.ResourceInvoker.Next(State& next, Scope& scope, Object& state, Boolean& isCompleted)
   at Microsoft.AspNetCore.Mvc.Infrastructure.ResourceInvoker.InvokeFilterPipelineAsync()
--- End of stack trace from previous location ---
   at Microsoft.AspNetCore.Mvc.Infrastructure.ResourceInvoker.<InvokeAsync>g__Logged|17_1(ResourceInvoker invoker)
   at Microsoft.AspNetCore.Mvc.Infrastructure.ResourceInvoker.<InvokeAsync>g__Logged|17_1(ResourceInvoker invoker)
   at Microsoft.AspNetCore.Routing.EndpointMiddleware.<Invoke>g__AwaitRequestTask|6_0(Endpoint endpoint, Task requestTask, ILogger logger)
   at Microsoft.AspNetCore.Authorization.AuthorizationMiddleware.Invoke(HttpContext context)
   at Microsoft.AspNetCore.HttpLogging.HttpLoggingMiddleware.InvokeInternal(HttpContext context)
   at Microsoft.AspNetCore.Authentication.AuthenticationMiddleware.Invoke(HttpContext context)
   at Microsoft.AspNetCore.Diagnostics.DeveloperExceptionPageMiddlewareImpl.Invoke(HttpContext context)|url: https://localhost/App/Creator|action: 
2023-08-15 12:21:08.8247|14|INFO|Microsoft.Hosting.Lifetime|Now listening on: https://localhost:7000 |url: |action: 
2023-08-15 12:21:08.8247|14|INFO|Microsoft.Hosting.Lifetime|Now listening on: http://localhost:5072 |url: |action: 
2023-08-15 12:21:08.8348|0|INFO|Microsoft.Hosting.Lifetime|Application started. Press Ctrl+C to shut down. |url: |action: 
2023-08-15 12:21:08.8348|0|INFO|Microsoft.Hosting.Lifetime|Hosting environment: Development |url: |action: 
2023-08-15 12:21:08.8348|0|INFO|Microsoft.Hosting.Lifetime|Content root path: C:\Users\JackB\Documents\StudyCentralV2 |url: |action: 
2023-08-15 12:21:15.4781|1|ERROR|Microsoft.AspNetCore.Diagnostics.DeveloperExceptionPageMiddleware|An unhandled exception has occurred while executing the request. System.NullReferenceException: Object reference not set to an instance of an object.
   at StudyCentralV2.Components.AI.Logic.GPT.GPTRequest(String prompt) in C:\Users\JackB\Documents\StudyCentralV2\Components\AI\Logic\GPT.cs:line 23
   at StudyCentralV2.Pages.App.CreatorModel.OnPost() in C:\Users\JackB\Documents\StudyCentralV2\Pages\App\Creator.cshtml.cs:line 26
   at Microsoft.AspNetCore.Mvc.RazorPages.Infrastructure.ExecutorFactory.GenericTaskHandlerMethod.Convert[T](Object taskAsObject)
   at Microsoft.AspNetCore.Mvc.RazorPages.Infrastructure.ExecutorFactory.GenericTaskHandlerMethod.Execute(Object receiver, Object[] arguments)
   at Microsoft.AspNetCore.Mvc.RazorPages.Infrastructure.PageActionInvoker.InvokeHandlerMethodAsync()
   at Microsoft.AspNetCore.Mvc.RazorPages.Infrastructure.PageActionInvoker.InvokeNextPageFilterAsync()
   at Microsoft.AspNetCore.Mvc.RazorPages.Infrastructure.PageActionInvoker.Rethrow(PageHandlerExecutedContext context)
   at Microsoft.AspNetCore.Mvc.RazorPages.Infrastructure.PageActionInvoker.Next(State& next, Scope& scope, Object& state, Boolean& isCompleted)
   at Microsoft.AspNetCore.Mvc.RazorPages.Infrastructure.PageActionInvoker.InvokeInnerFilterAsync()
   at Microsoft.AspNetCore.Mvc.Infrastructure.ResourceInvoker.<InvokeNextResourceFilter>g__Awaited|25_0(ResourceInvoker invoker, Task lastTask, State next, Scope scope, Object state, Boolean isCompleted)
   at Microsoft.AspNetCore.Mvc.Infrastructure.ResourceInvoker.Rethrow(ResourceExecutedContextSealed context)
   at Microsoft.AspNetCore.Mvc.Infrastructure.ResourceInvoker.Next(State& next, Scope& scope, Object& state, Boolean& isCompleted)
   at Microsoft.AspNetCore.Mvc.Infrastructure.ResourceInvoker.InvokeFilterPipelineAsync()
--- End of stack trace from previous location ---
   at Microsoft.AspNetCore.Mvc.Infrastructure.ResourceInvoker.<InvokeAsync>g__Logged|17_1(ResourceInvoker invoker)
   at Microsoft.AspNetCore.Mvc.Infrastructure.ResourceInvoker.<InvokeAsync>g__Logged|17_1(ResourceInvoker invoker)
   at Microsoft.AspNetCore.Routing.EndpointMiddleware.<Invoke>g__AwaitRequestTask|6_0(Endpoint endpoint, Task requestTask, ILogger logger)
   at Microsoft.AspNetCore.Authorization.AuthorizationMiddleware.Invoke(HttpContext context)
   at Microsoft.AspNetCore.HttpLogging.HttpLoggingMiddleware.InvokeInternal(HttpContext context)
   at Microsoft.AspNetCore.Authentication.AuthenticationMiddleware.Invoke(HttpContext context)
   at Microsoft.AspNetCore.Diagnostics.DeveloperExceptionPageMiddlewareImpl.Invoke(HttpContext context)|url: https://localhost/App/Creator|action: 
2023-08-15 12:21:34.7084|14|INFO|Microsoft.Hosting.Lifetime|Now listening on: https://localhost:7000 |url: |action: 
2023-08-15 12:21:34.7084|14|INFO|Microsoft.Hosting.Lifetime|Now listening on: http://localhost:5072 |url: |action: 
2023-08-15 12:21:34.7084|0|INFO|Microsoft.Hosting.Lifetime|Application started. Press Ctrl+C to shut down. |url: |action: 
2023-08-15 12:21:34.7084|0|INFO|Microsoft.Hosting.Lifetime|Hosting environment: Development |url: |action: 
2023-08-15 12:21:34.7084|0|INFO|Microsoft.Hosting.Lifetime|Content root path: C:\Users\JackB\Documents\StudyCentralV2 |url: |action: 
2023-08-15 12:23:45.4019|14|INFO|Microsoft.Hosting.Lifetime|Now listening on: https://localhost:7000 |url: |action: 
2023-08-15 12:23:45.4019|14|INFO|Microsoft.Hosting.Lifetime|Now listening on: http://localhost:5072 |url: |action: 
2023-08-15 12:23:45.4120|0|INFO|Microsoft.Hosting.Lifetime|Application started. Press Ctrl+C to shut down. |url: |action: 
2023-08-15 12:23:45.4120|0|INFO|Microsoft.Hosting.Lifetime|Hosting environment: Development |url: |action: 
2023-08-15 12:23:45.4120|0|INFO|Microsoft.Hosting.Lifetime|Content root path: C:\Users\JackB\Documents\StudyCentralV2 |url: |action: 
2023-08-15 12:24:09.4443|14|INFO|Microsoft.Hosting.Lifetime|Now listening on: https://localhost:7000 |url: |action: 
2023-08-15 12:24:09.4443|14|INFO|Microsoft.Hosting.Lifetime|Now listening on: http://localhost:5072 |url: |action: 
2023-08-15 12:24:09.4443|0|INFO|Microsoft.Hosting.Lifetime|Application started. Press Ctrl+C to shut down. |url: |action: 
2023-08-15 12:24:09.4443|0|INFO|Microsoft.Hosting.Lifetime|Hosting environment: Development |url: |action: 
2023-08-15 12:24:09.4603|0|INFO|Microsoft.Hosting.Lifetime|Content root path: C:\Users\JackB\Documents\StudyCentralV2 |url: |action: 
